Warning: you requested the nanomsg event logger, but bmv2 was compiled without -DBMELOG, and the event logger cannot be activated
Calling target program-options parser
[08:12:16.791] [bmv2] [D] [thread 11467] Set default default entry for table 'tbl_repeater56': repeater56 - 
[08:12:16.791] [bmv2] [D] [thread 11467] Set default default entry for table 'tbl_repeater58': repeater58 - 
Adding interface s1-eth1 as port 1
[08:12:16.791] [bmv2] [D] [thread 11467] Adding interface s1-eth1 as port 1
Adding interface s1-eth2 as port 2
[08:12:16.817] [bmv2] [D] [thread 11467] Adding interface s1-eth2 as port 2
[08:12:16.841] [bmv2] [I] [thread 11467] Starting Thrift server on port 9090
[08:12:16.841] [bmv2] [I] [thread 11467] Thrift server was started
[08:12:16.994] [bmv2] [D] [thread 11473] [0.0] [cxt 0] Processing packet received on port 2
[08:12:16.994] [bmv2] [D] [thread 11473] [0.0] [cxt 0] Parser 'parser': start
[08:12:16.994] [bmv2] [D] [thread 11473] [0.0] [cxt 0] Parser 'parser' entering state 'start'
[08:12:16.994] [bmv2] [D] [thread 11473] [0.0] [cxt 0] Parser state 'start' has no switch, going to default next state
[08:12:16.994] [bmv2] [T] [thread 11473] [0.0] [cxt 0] Bytes parsed: 0
[08:12:16.994] [bmv2] [D] [thread 11473] [0.0] [cxt 0] Parser 'parser': end
[08:12:16.994] [bmv2] [D] [thread 11473] [0.0] [cxt 0] Pipeline 'ingress': start
[08:12:16.994] [bmv2] [T] [thread 11473] [0.0] [cxt 0] repeater.p4(55) Condition "standard_metadata.ingress_port == 1" (node_2) is false
[08:12:16.994] [bmv2] [T] [thread 11473] [0.0] [cxt 0] Applying table 'tbl_repeater58'
[08:12:16.994] [bmv2] [D] [thread 11473] [0.0] [cxt 0] Looking up key:

[08:12:16.994] [bmv2] [D] [thread 11473] [0.0] [cxt 0] Table 'tbl_repeater58': miss
[08:12:16.994] [bmv2] [D] [thread 11473] [0.0] [cxt 0] Action entry is repeater58 - 
[08:12:16.994] [bmv2] [T] [thread 11473] [0.0] [cxt 0] Action repeater58
[08:12:16.994] [bmv2] [T] [thread 11473] [0.0] [cxt 0] repeater.p4(58) Primitive standard_metadata.egress_spec = 1
[08:12:16.994] [bmv2] [D] [thread 11473] [0.0] [cxt 0] Pipeline 'ingress': end
[08:12:16.994] [bmv2] [D] [thread 11473] [0.0] [cxt 0] Egress port is 1
[08:12:16.994] [bmv2] [D] [thread 11475] [0.0] [cxt 0] Pipeline 'egress': start
[08:12:16.994] [bmv2] [D] [thread 11475] [0.0] [cxt 0] Pipeline 'egress': end
[08:12:16.994] [bmv2] [D] [thread 11475] [0.0] [cxt 0] Deparser 'deparser': start
[08:12:16.994] [bmv2] [D] [thread 11475] [0.0] [cxt 0] Deparser 'deparser': end
[08:12:16.994] [bmv2] [D] [thread 11478] [0.0] [cxt 0] Transmitting packet of size 78 out of port 1
[08:12:17.029] [bmv2] [D] [thread 11473] [1.0] [cxt 0] Processing packet received on port 2
[08:12:17.029] [bmv2] [D] [thread 11473] [1.0] [cxt 0] Parser 'parser': start
[08:12:17.029] [bmv2] [D] [thread 11473] [1.0] [cxt 0] Parser 'parser' entering state 'start'
[08:12:17.029] [bmv2] [D] [thread 11473] [1.0] [cxt 0] Parser state 'start' has no switch, going to default next state
[08:12:17.029] [bmv2] [T] [thread 11473] [1.0] [cxt 0] Bytes parsed: 0
[08:12:17.029] [bmv2] [D] [thread 11473] [1.0] [cxt 0] Parser 'parser': end
[08:12:17.029] [bmv2] [D] [thread 11473] [1.0] [cxt 0] Pipeline 'ingress': start
[08:12:17.029] [bmv2] [T] [thread 11473] [1.0] [cxt 0] repeater.p4(55) Condition "standard_metadata.ingress_port == 1" (node_2) is false
[08:12:17.029] [bmv2] [T] [thread 11473] [1.0] [cxt 0] Applying table 'tbl_repeater58'
[08:12:17.029] [bmv2] [D] [thread 11473] [1.0] [cxt 0] Looking up key:

[08:12:17.029] [bmv2] [D] [thread 11473] [1.0] [cxt 0] Table 'tbl_repeater58': miss
[08:12:17.029] [bmv2] [D] [thread 11473] [1.0] [cxt 0] Action entry is repeater58 - 
[08:12:17.029] [bmv2] [T] [thread 11473] [1.0] [cxt 0] Action repeater58
[08:12:17.029] [bmv2] [T] [thread 11473] [1.0] [cxt 0] repeater.p4(58) Primitive standard_metadata.egress_spec = 1
[08:12:17.029] [bmv2] [D] [thread 11473] [1.0] [cxt 0] Pipeline 'ingress': end
[08:12:17.029] [bmv2] [D] [thread 11473] [1.0] [cxt 0] Egress port is 1
[08:12:17.029] [bmv2] [D] [thread 11475] [1.0] [cxt 0] Pipeline 'egress': start
[08:12:17.029] [bmv2] [D] [thread 11475] [1.0] [cxt 0] Pipeline 'egress': end
[08:12:17.029] [bmv2] [D] [thread 11475] [1.0] [cxt 0] Deparser 'deparser': start
[08:12:17.029] [bmv2] [D] [thread 11475] [1.0] [cxt 0] Deparser 'deparser': end
[08:12:17.029] [bmv2] [D] [thread 11478] [1.0] [cxt 0] Transmitting packet of size 90 out of port 1
[08:12:17.353] [bmv2] [D] [thread 11473] [2.0] [cxt 0] Processing packet received on port 1
[08:12:17.353] [bmv2] [D] [thread 11473] [2.0] [cxt 0] Parser 'parser': start
[08:12:17.353] [bmv2] [D] [thread 11473] [2.0] [cxt 0] Parser 'parser' entering state 'start'
[08:12:17.353] [bmv2] [D] [thread 11473] [2.0] [cxt 0] Parser state 'start' has no switch, going to default next state
[08:12:17.353] [bmv2] [T] [thread 11473] [2.0] [cxt 0] Bytes parsed: 0
[08:12:17.353] [bmv2] [D] [thread 11473] [2.0] [cxt 0] Parser 'parser': end
[08:12:17.353] [bmv2] [D] [thread 11473] [2.0] [cxt 0] Pipeline 'ingress': start
[08:12:17.353] [bmv2] [T] [thread 11473] [2.0] [cxt 0] repeater.p4(55) Condition "standard_metadata.ingress_port == 1" (node_2) is true
[08:12:17.353] [bmv2] [T] [thread 11473] [2.0] [cxt 0] Applying table 'tbl_repeater56'
[08:12:17.353] [bmv2] [D] [thread 11473] [2.0] [cxt 0] Looking up key:

[08:12:17.353] [bmv2] [D] [thread 11473] [2.0] [cxt 0] Table 'tbl_repeater56': miss
[08:12:17.353] [bmv2] [D] [thread 11473] [2.0] [cxt 0] Action entry is repeater56 - 
[08:12:17.353] [bmv2] [T] [thread 11473] [2.0] [cxt 0] Action repeater56
[08:12:17.353] [bmv2] [T] [thread 11473] [2.0] [cxt 0] repeater.p4(56) Primitive standard_metadata.egress_spec = 2
[08:12:17.353] [bmv2] [D] [thread 11473] [2.0] [cxt 0] Pipeline 'ingress': end
[08:12:17.353] [bmv2] [D] [thread 11473] [2.0] [cxt 0] Egress port is 2
[08:12:17.353] [bmv2] [D] [thread 11476] [2.0] [cxt 0] Pipeline 'egress': start
[08:12:17.353] [bmv2] [D] [thread 11476] [2.0] [cxt 0] Pipeline 'egress': end
[08:12:17.353] [bmv2] [D] [thread 11476] [2.0] [cxt 0] Deparser 'deparser': start
[08:12:17.353] [bmv2] [D] [thread 11476] [2.0] [cxt 0] Deparser 'deparser': end
[08:12:17.353] [bmv2] [D] [thread 11478] [2.0] [cxt 0] Transmitting packet of size 78 out of port 2
[08:12:17.753] [bmv2] [D] [thread 11473] [3.0] [cxt 0] Processing packet received on port 1
[08:12:17.753] [bmv2] [D] [thread 11473] [3.0] [cxt 0] Parser 'parser': start
[08:12:17.753] [bmv2] [D] [thread 11473] [3.0] [cxt 0] Parser 'parser' entering state 'start'
[08:12:17.753] [bmv2] [D] [thread 11473] [3.0] [cxt 0] Parser state 'start' has no switch, going to default next state
[08:12:17.753] [bmv2] [T] [thread 11473] [3.0] [cxt 0] Bytes parsed: 0
[08:12:17.753] [bmv2] [D] [thread 11473] [3.0] [cxt 0] Parser 'parser': end
[08:12:17.753] [bmv2] [D] [thread 11473] [3.0] [cxt 0] Pipeline 'ingress': start
[08:12:17.753] [bmv2] [T] [thread 11473] [3.0] [cxt 0] repeater.p4(55) Condition "standard_metadata.ingress_port == 1" (node_2) is true
[08:12:17.753] [bmv2] [T] [thread 11473] [3.0] [cxt 0] Applying table 'tbl_repeater56'
[08:12:17.753] [bmv2] [D] [thread 11473] [3.0] [cxt 0] Looking up key:

[08:12:17.753] [bmv2] [D] [thread 11473] [3.0] [cxt 0] Table 'tbl_repeater56': miss
[08:12:17.753] [bmv2] [D] [thread 11473] [3.0] [cxt 0] Action entry is repeater56 - 
[08:12:17.753] [bmv2] [T] [thread 11473] [3.0] [cxt 0] Action repeater56
[08:12:17.753] [bmv2] [T] [thread 11473] [3.0] [cxt 0] repeater.p4(56) Primitive standard_metadata.egress_spec = 2
[08:12:17.753] [bmv2] [D] [thread 11473] [3.0] [cxt 0] Pipeline 'ingress': end
[08:12:17.753] [bmv2] [D] [thread 11473] [3.0] [cxt 0] Egress port is 2
[08:12:17.753] [bmv2] [D] [thread 11476] [3.0] [cxt 0] Pipeline 'egress': start
[08:12:17.753] [bmv2] [D] [thread 11476] [3.0] [cxt 0] Pipeline 'egress': end
[08:12:17.753] [bmv2] [D] [thread 11476] [3.0] [cxt 0] Deparser 'deparser': start
[08:12:17.753] [bmv2] [D] [thread 11476] [3.0] [cxt 0] Deparser 'deparser': end
[08:12:17.753] [bmv2] [D] [thread 11478] [3.0] [cxt 0] Transmitting packet of size 90 out of port 2
[08:13:00.149] [bmv2] [D] [thread 11473] [4.0] [cxt 0] Processing packet received on port 2
[08:13:00.149] [bmv2] [D] [thread 11473] [4.0] [cxt 0] Parser 'parser': start
[08:13:00.149] [bmv2] [D] [thread 11473] [4.0] [cxt 0] Parser 'parser' entering state 'start'
[08:13:00.149] [bmv2] [D] [thread 11473] [4.0] [cxt 0] Parser state 'start' has no switch, going to default next state
[08:13:00.149] [bmv2] [T] [thread 11473] [4.0] [cxt 0] Bytes parsed: 0
[08:13:00.149] [bmv2] [D] [thread 11473] [4.0] [cxt 0] Parser 'parser': end
[08:13:00.149] [bmv2] [D] [thread 11473] [4.0] [cxt 0] Pipeline 'ingress': start
[08:13:00.149] [bmv2] [T] [thread 11473] [4.0] [cxt 0] repeater.p4(55) Condition "standard_metadata.ingress_port == 1" (node_2) is false
[08:13:00.149] [bmv2] [T] [thread 11473] [4.0] [cxt 0] Applying table 'tbl_repeater58'
[08:13:00.149] [bmv2] [D] [thread 11473] [4.0] [cxt 0] Looking up key:

[08:13:00.149] [bmv2] [D] [thread 11473] [4.0] [cxt 0] Table 'tbl_repeater58': miss
[08:13:00.149] [bmv2] [D] [thread 11473] [4.0] [cxt 0] Action entry is repeater58 - 
[08:13:00.149] [bmv2] [T] [thread 11473] [4.0] [cxt 0] Action repeater58
[08:13:00.149] [bmv2] [T] [thread 11473] [4.0] [cxt 0] repeater.p4(58) Primitive standard_metadata.egress_spec = 1
[08:13:00.149] [bmv2] [D] [thread 11473] [4.0] [cxt 0] Pipeline 'ingress': end
[08:13:00.149] [bmv2] [D] [thread 11473] [4.0] [cxt 0] Egress port is 1
[08:13:00.150] [bmv2] [D] [thread 11475] [4.0] [cxt 0] Pipeline 'egress': start
[08:13:00.150] [bmv2] [D] [thread 11475] [4.0] [cxt 0] Pipeline 'egress': end
[08:13:00.150] [bmv2] [D] [thread 11475] [4.0] [cxt 0] Deparser 'deparser': start
[08:13:00.150] [bmv2] [D] [thread 11475] [4.0] [cxt 0] Deparser 'deparser': end
[08:13:00.150] [bmv2] [D] [thread 11478] [4.0] [cxt 0] Transmitting packet of size 44 out of port 1
[08:13:00.150] [bmv2] [D] [thread 11473] [5.0] [cxt 0] Processing packet received on port 1
[08:13:00.150] [bmv2] [D] [thread 11473] [5.0] [cxt 0] Parser 'parser': start
[08:13:00.150] [bmv2] [D] [thread 11473] [5.0] [cxt 0] Parser 'parser' entering state 'start'
[08:13:00.150] [bmv2] [D] [thread 11473] [5.0] [cxt 0] Parser state 'start' has no switch, going to default next state
[08:13:00.150] [bmv2] [T] [thread 11473] [5.0] [cxt 0] Bytes parsed: 0
[08:13:00.150] [bmv2] [D] [thread 11473] [5.0] [cxt 0] Parser 'parser': end
[08:13:00.150] [bmv2] [D] [thread 11473] [5.0] [cxt 0] Pipeline 'ingress': start
[08:13:00.150] [bmv2] [T] [thread 11473] [5.0] [cxt 0] repeater.p4(55) Condition "standard_metadata.ingress_port == 1" (node_2) is true
[08:13:00.150] [bmv2] [T] [thread 11473] [5.0] [cxt 0] Applying table 'tbl_repeater56'
[08:13:00.150] [bmv2] [D] [thread 11473] [5.0] [cxt 0] Looking up key:

[08:13:00.150] [bmv2] [D] [thread 11473] [5.0] [cxt 0] Table 'tbl_repeater56': miss
[08:13:00.150] [bmv2] [D] [thread 11473] [5.0] [cxt 0] Action entry is repeater56 - 
[08:13:00.150] [bmv2] [T] [thread 11473] [5.0] [cxt 0] Action repeater56
[08:13:00.150] [bmv2] [T] [thread 11473] [5.0] [cxt 0] repeater.p4(56) Primitive standard_metadata.egress_spec = 2
[08:13:00.150] [bmv2] [D] [thread 11473] [5.0] [cxt 0] Pipeline 'ingress': end
[08:13:00.150] [bmv2] [D] [thread 11473] [5.0] [cxt 0] Egress port is 2
[08:13:00.150] [bmv2] [D] [thread 11476] [5.0] [cxt 0] Pipeline 'egress': start
[08:13:00.150] [bmv2] [D] [thread 11476] [5.0] [cxt 0] Pipeline 'egress': end
[08:13:00.150] [bmv2] [D] [thread 11476] [5.0] [cxt 0] Deparser 'deparser': start
[08:13:00.150] [bmv2] [D] [thread 11476] [5.0] [cxt 0] Deparser 'deparser': end
[08:13:00.150] [bmv2] [D] [thread 11478] [5.0] [cxt 0] Transmitting packet of size 72 out of port 2
