Warning: you requested the nanomsg event logger, but bmv2 was compiled without -DBMELOG, and the event logger cannot be activated
Calling target program-options parser
[08:07:54.811] [bmv2] [D] [thread 11085] Set default default entry for table 'MyIngress.repeaterTable': NoAction - 
Adding interface s1-eth1 as port 1
[08:07:54.812] [bmv2] [D] [thread 11085] Adding interface s1-eth1 as port 1
Adding interface s1-eth2 as port 2
[08:07:55.245] [bmv2] [D] [thread 11085] Adding interface s1-eth2 as port 2
[08:07:55.285] [bmv2] [I] [thread 11085] Starting Thrift server on port 9090
[08:07:55.285] [bmv2] [I] [thread 11085] Thrift server was started
[08:07:55.377] [bmv2] [D] [thread 11091] [0.0] [cxt 0] Processing packet received on port 2
[08:07:55.377] [bmv2] [D] [thread 11091] [0.0] [cxt 0] Parser 'parser': start
[08:07:55.377] [bmv2] [D] [thread 11091] [0.0] [cxt 0] Parser 'parser' entering state 'start'
[08:07:55.377] [bmv2] [D] [thread 11091] [0.0] [cxt 0] Parser state 'start' has no switch, going to default next state
[08:07:55.377] [bmv2] [T] [thread 11091] [0.0] [cxt 0] Bytes parsed: 0
[08:07:55.377] [bmv2] [D] [thread 11091] [0.0] [cxt 0] Parser 'parser': end
[08:07:55.377] [bmv2] [D] [thread 11091] [0.0] [cxt 0] Pipeline 'ingress': start
[08:07:55.377] [bmv2] [T] [thread 11091] [0.0] [cxt 0] Applying table 'MyIngress.repeaterTable'
[08:07:55.377] [bmv2] [D] [thread 11091] [0.0] [cxt 0] Looking up key:
* standard_metadata.ingress_port: 0002

[08:07:55.377] [bmv2] [D] [thread 11091] [0.0] [cxt 0] Table 'MyIngress.repeaterTable': miss
[08:07:55.377] [bmv2] [D] [thread 11091] [0.0] [cxt 0] Action entry is NoAction - 
[08:07:55.377] [bmv2] [T] [thread 11091] [0.0] [cxt 0] Action NoAction
[08:07:55.377] [bmv2] [D] [thread 11091] [0.0] [cxt 0] Pipeline 'ingress': end
[08:07:55.377] [bmv2] [D] [thread 11091] [0.0] [cxt 0] Egress port is 0
[08:07:55.377] [bmv2] [D] [thread 11092] [0.0] [cxt 0] Pipeline 'egress': start
[08:07:55.377] [bmv2] [D] [thread 11092] [0.0] [cxt 0] Pipeline 'egress': end
[08:07:55.377] [bmv2] [D] [thread 11092] [0.0] [cxt 0] Deparser 'deparser': start
[08:07:55.377] [bmv2] [D] [thread 11092] [0.0] [cxt 0] Deparser 'deparser': end
[08:07:55.377] [bmv2] [D] [thread 11096] [0.0] [cxt 0] Transmitting packet of size 90 out of port 0
[08:07:55.434] [bmv2] [D] [thread 11091] [1.0] [cxt 0] Processing packet received on port 1
[08:07:55.434] [bmv2] [D] [thread 11091] [1.0] [cxt 0] Parser 'parser': start
[08:07:55.434] [bmv2] [D] [thread 11091] [1.0] [cxt 0] Parser 'parser' entering state 'start'
[08:07:55.434] [bmv2] [D] [thread 11091] [1.0] [cxt 0] Parser state 'start' has no switch, going to default next state
[08:07:55.434] [bmv2] [T] [thread 11091] [1.0] [cxt 0] Bytes parsed: 0
[08:07:55.434] [bmv2] [D] [thread 11091] [1.0] [cxt 0] Parser 'parser': end
[08:07:55.434] [bmv2] [D] [thread 11091] [1.0] [cxt 0] Pipeline 'ingress': start
[08:07:55.434] [bmv2] [T] [thread 11091] [1.0] [cxt 0] Applying table 'MyIngress.repeaterTable'
[08:07:55.434] [bmv2] [D] [thread 11091] [1.0] [cxt 0] Looking up key:
* standard_metadata.ingress_port: 0001

[08:07:55.434] [bmv2] [D] [thread 11091] [1.0] [cxt 0] Table 'MyIngress.repeaterTable': miss
[08:07:55.434] [bmv2] [D] [thread 11091] [1.0] [cxt 0] Action entry is NoAction - 
[08:07:55.434] [bmv2] [T] [thread 11091] [1.0] [cxt 0] Action NoAction
[08:07:55.434] [bmv2] [D] [thread 11091] [1.0] [cxt 0] Pipeline 'ingress': end
[08:07:55.434] [bmv2] [D] [thread 11091] [1.0] [cxt 0] Egress port is 0
[08:07:55.434] [bmv2] [D] [thread 11092] [1.0] [cxt 0] Pipeline 'egress': start
[08:07:55.434] [bmv2] [D] [thread 11092] [1.0] [cxt 0] Pipeline 'egress': end
[08:07:55.434] [bmv2] [D] [thread 11092] [1.0] [cxt 0] Deparser 'deparser': start
[08:07:55.434] [bmv2] [D] [thread 11092] [1.0] [cxt 0] Deparser 'deparser': end
[08:07:55.434] [bmv2] [D] [thread 11096] [1.0] [cxt 0] Transmitting packet of size 78 out of port 0
[08:07:55.449] [bmv2] [D] [thread 11091] [2.0] [cxt 0] Processing packet received on port 1
[08:07:55.449] [bmv2] [D] [thread 11091] [2.0] [cxt 0] Parser 'parser': start
[08:07:55.449] [bmv2] [D] [thread 11091] [2.0] [cxt 0] Parser 'parser' entering state 'start'
[08:07:55.449] [bmv2] [D] [thread 11091] [2.0] [cxt 0] Parser state 'start' has no switch, going to default next state
[08:07:55.449] [bmv2] [T] [thread 11091] [2.0] [cxt 0] Bytes parsed: 0
[08:07:55.449] [bmv2] [D] [thread 11091] [2.0] [cxt 0] Parser 'parser': end
[08:07:55.449] [bmv2] [D] [thread 11091] [2.0] [cxt 0] Pipeline 'ingress': start
[08:07:55.449] [bmv2] [T] [thread 11091] [2.0] [cxt 0] Applying table 'MyIngress.repeaterTable'
[08:07:55.449] [bmv2] [D] [thread 11091] [2.0] [cxt 0] Looking up key:
* standard_metadata.ingress_port: 0001

[08:07:55.449] [bmv2] [D] [thread 11091] [2.0] [cxt 0] Table 'MyIngress.repeaterTable': miss
[08:07:55.449] [bmv2] [D] [thread 11091] [2.0] [cxt 0] Action entry is NoAction - 
[08:07:55.449] [bmv2] [T] [thread 11091] [2.0] [cxt 0] Action NoAction
[08:07:55.449] [bmv2] [D] [thread 11091] [2.0] [cxt 0] Pipeline 'ingress': end
[08:07:55.449] [bmv2] [D] [thread 11091] [2.0] [cxt 0] Egress port is 0
[08:07:55.449] [bmv2] [D] [thread 11092] [2.0] [cxt 0] Pipeline 'egress': start
[08:07:55.449] [bmv2] [D] [thread 11092] [2.0] [cxt 0] Pipeline 'egress': end
[08:07:55.449] [bmv2] [D] [thread 11092] [2.0] [cxt 0] Deparser 'deparser': start
[08:07:55.449] [bmv2] [D] [thread 11092] [2.0] [cxt 0] Deparser 'deparser': end
[08:07:55.449] [bmv2] [D] [thread 11096] [2.0] [cxt 0] Transmitting packet of size 90 out of port 0
[08:07:55.720] [bmv2] [D] [thread 11091] [3.0] [cxt 0] Processing packet received on port 2
[08:07:55.720] [bmv2] [D] [thread 11091] [3.0] [cxt 0] Parser 'parser': start
[08:07:55.720] [bmv2] [D] [thread 11091] [3.0] [cxt 0] Parser 'parser' entering state 'start'
[08:07:55.721] [bmv2] [D] [thread 11091] [3.0] [cxt 0] Parser state 'start' has no switch, going to default next state
[08:07:55.721] [bmv2] [T] [thread 11091] [3.0] [cxt 0] Bytes parsed: 0
[08:07:55.721] [bmv2] [D] [thread 11091] [3.0] [cxt 0] Parser 'parser': end
[08:07:55.721] [bmv2] [D] [thread 11091] [3.0] [cxt 0] Pipeline 'ingress': start
[08:07:55.721] [bmv2] [T] [thread 11091] [3.0] [cxt 0] Applying table 'MyIngress.repeaterTable'
[08:07:55.721] [bmv2] [D] [thread 11091] [3.0] [cxt 0] Looking up key:
* standard_metadata.ingress_port: 0002

[08:07:55.721] [bmv2] [D] [thread 11091] [3.0] [cxt 0] Table 'MyIngress.repeaterTable': miss
[08:07:55.721] [bmv2] [D] [thread 11091] [3.0] [cxt 0] Action entry is NoAction - 
[08:07:55.721] [bmv2] [T] [thread 11091] [3.0] [cxt 0] Action NoAction
[08:07:55.721] [bmv2] [D] [thread 11091] [3.0] [cxt 0] Pipeline 'ingress': end
[08:07:55.721] [bmv2] [D] [thread 11091] [3.0] [cxt 0] Egress port is 0
[08:07:55.721] [bmv2] [D] [thread 11092] [3.0] [cxt 0] Pipeline 'egress': start
[08:07:55.721] [bmv2] [D] [thread 11092] [3.0] [cxt 0] Pipeline 'egress': end
[08:07:55.721] [bmv2] [D] [thread 11092] [3.0] [cxt 0] Deparser 'deparser': start
[08:07:55.721] [bmv2] [D] [thread 11092] [3.0] [cxt 0] Deparser 'deparser': end
[08:07:55.721] [bmv2] [D] [thread 11096] [3.0] [cxt 0] Transmitting packet of size 78 out of port 0
[08:09:22.774] [bmv2] [T] [thread 11197] bm_get_config
[08:11:14.764] [bmv2] [T] [thread 11197] bm_table_add_entry
[08:11:14.764] [bmv2] [D] [thread 11197] Entry 0 added to table 'MyIngress.repeaterTable'
[08:11:14.764] [bmv2] [D] [thread 11197] Dumping entry 0
Match key:
* standard_metadata.ingress_port: EXACT     0001
Action entry: MyIngress.action_reapeter - 2,

[08:11:21.902] [bmv2] [T] [thread 11197] bm_table_add_entry
[08:11:21.902] [bmv2] [D] [thread 11197] Entry 1 added to table 'MyIngress.repeaterTable'
[08:11:21.902] [bmv2] [D] [thread 11197] Dumping entry 1
Match key:
* standard_metadata.ingress_port: EXACT     0002
Action entry: MyIngress.action_reapeter - 1,

[08:11:30.942] [bmv2] [D] [thread 11091] [4.0] [cxt 0] Processing packet received on port 1
[08:11:30.942] [bmv2] [D] [thread 11091] [4.0] [cxt 0] Parser 'parser': start
[08:11:30.942] [bmv2] [D] [thread 11091] [4.0] [cxt 0] Parser 'parser' entering state 'start'
[08:11:30.942] [bmv2] [D] [thread 11091] [4.0] [cxt 0] Parser state 'start' has no switch, going to default next state
[08:11:30.942] [bmv2] [T] [thread 11091] [4.0] [cxt 0] Bytes parsed: 0
[08:11:30.942] [bmv2] [D] [thread 11091] [4.0] [cxt 0] Parser 'parser': end
[08:11:30.942] [bmv2] [D] [thread 11091] [4.0] [cxt 0] Pipeline 'ingress': start
[08:11:30.942] [bmv2] [T] [thread 11091] [4.0] [cxt 0] Applying table 'MyIngress.repeaterTable'
[08:11:30.942] [bmv2] [D] [thread 11091] [4.0] [cxt 0] Looking up key:
* standard_metadata.ingress_port: 0001

[08:11:30.942] [bmv2] [D] [thread 11091] [4.0] [cxt 0] Table 'MyIngress.repeaterTable': hit with handle 0
[08:11:30.942] [bmv2] [D] [thread 11091] [4.0] [cxt 0] Dumping entry 0
Match key:
* standard_metadata.ingress_port: EXACT     0001
Action entry: MyIngress.action_reapeter - 2,

[08:11:30.942] [bmv2] [D] [thread 11091] [4.0] [cxt 0] Action entry is MyIngress.action_reapeter - 2,
[08:11:30.942] [bmv2] [T] [thread 11091] [4.0] [cxt 0] Action MyIngress.action_reapeter
[08:11:30.942] [bmv2] [T] [thread 11091] [4.0] [cxt 0] repeater.p4(48) Primitive standard_metadata.egress_spec = port
[08:11:30.942] [bmv2] [D] [thread 11091] [4.0] [cxt 0] Pipeline 'ingress': end
[08:11:30.942] [bmv2] [D] [thread 11091] [4.0] [cxt 0] Egress port is 2
[08:11:30.942] [bmv2] [D] [thread 11094] [4.0] [cxt 0] Pipeline 'egress': start
[08:11:30.942] [bmv2] [D] [thread 11094] [4.0] [cxt 0] Pipeline 'egress': end
[08:11:30.942] [bmv2] [D] [thread 11094] [4.0] [cxt 0] Deparser 'deparser': start
[08:11:30.942] [bmv2] [D] [thread 11094] [4.0] [cxt 0] Deparser 'deparser': end
[08:11:30.942] [bmv2] [D] [thread 11096] [4.0] [cxt 0] Transmitting packet of size 44 out of port 2
[08:11:30.942] [bmv2] [D] [thread 11091] [5.0] [cxt 0] Processing packet received on port 2
[08:11:30.942] [bmv2] [D] [thread 11091] [5.0] [cxt 0] Parser 'parser': start
[08:11:30.942] [bmv2] [D] [thread 11091] [5.0] [cxt 0] Parser 'parser' entering state 'start'
[08:11:30.942] [bmv2] [D] [thread 11091] [5.0] [cxt 0] Parser state 'start' has no switch, going to default next state
[08:11:30.942] [bmv2] [T] [thread 11091] [5.0] [cxt 0] Bytes parsed: 0
[08:11:30.943] [bmv2] [D] [thread 11091] [5.0] [cxt 0] Parser 'parser': end
[08:11:30.943] [bmv2] [D] [thread 11091] [5.0] [cxt 0] Pipeline 'ingress': start
[08:11:30.943] [bmv2] [T] [thread 11091] [5.0] [cxt 0] Applying table 'MyIngress.repeaterTable'
[08:11:30.943] [bmv2] [D] [thread 11091] [5.0] [cxt 0] Looking up key:
* standard_metadata.ingress_port: 0002

[08:11:30.943] [bmv2] [D] [thread 11091] [5.0] [cxt 0] Table 'MyIngress.repeaterTable': hit with handle 1
[08:11:30.943] [bmv2] [D] [thread 11091] [5.0] [cxt 0] Dumping entry 1
Match key:
* standard_metadata.ingress_port: EXACT     0002
Action entry: MyIngress.action_reapeter - 1,

[08:11:30.943] [bmv2] [D] [thread 11091] [5.0] [cxt 0] Action entry is MyIngress.action_reapeter - 1,
[08:11:30.943] [bmv2] [T] [thread 11091] [5.0] [cxt 0] Action MyIngress.action_reapeter
[08:11:30.943] [bmv2] [T] [thread 11091] [5.0] [cxt 0] repeater.p4(48) Primitive standard_metadata.egress_spec = port
[08:11:30.943] [bmv2] [D] [thread 11091] [5.0] [cxt 0] Pipeline 'ingress': end
[08:11:30.943] [bmv2] [D] [thread 11091] [5.0] [cxt 0] Egress port is 1
[08:11:30.943] [bmv2] [D] [thread 11093] [5.0] [cxt 0] Pipeline 'egress': start
[08:11:30.943] [bmv2] [D] [thread 11093] [5.0] [cxt 0] Pipeline 'egress': end
[08:11:30.943] [bmv2] [D] [thread 11093] [5.0] [cxt 0] Deparser 'deparser': start
[08:11:30.943] [bmv2] [D] [thread 11093] [5.0] [cxt 0] Deparser 'deparser': end
[08:11:30.943] [bmv2] [D] [thread 11096] [5.0] [cxt 0] Transmitting packet of size 72 out of port 1
[08:11:42.698] [bmv2] [D] [thread 11091] [6.0] [cxt 0] Processing packet received on port 1
[08:11:42.698] [bmv2] [D] [thread 11091] [6.0] [cxt 0] Parser 'parser': start
[08:11:42.698] [bmv2] [D] [thread 11091] [6.0] [cxt 0] Parser 'parser' entering state 'start'
[08:11:42.698] [bmv2] [D] [thread 11091] [6.0] [cxt 0] Parser state 'start' has no switch, going to default next state
[08:11:42.698] [bmv2] [T] [thread 11091] [6.0] [cxt 0] Bytes parsed: 0
[08:11:42.698] [bmv2] [D] [thread 11091] [6.0] [cxt 0] Parser 'parser': end
[08:11:42.698] [bmv2] [D] [thread 11091] [6.0] [cxt 0] Pipeline 'ingress': start
[08:11:42.698] [bmv2] [T] [thread 11091] [6.0] [cxt 0] Applying table 'MyIngress.repeaterTable'
[08:11:42.698] [bmv2] [D] [thread 11091] [6.0] [cxt 0] Looking up key:
* standard_metadata.ingress_port: 0001

[08:11:42.698] [bmv2] [D] [thread 11091] [6.0] [cxt 0] Table 'MyIngress.repeaterTable': hit with handle 0
[08:11:42.698] [bmv2] [D] [thread 11091] [6.0] [cxt 0] Dumping entry 0
Match key:
* standard_metadata.ingress_port: EXACT     0001
Action entry: MyIngress.action_reapeter - 2,

[08:11:42.698] [bmv2] [D] [thread 11091] [6.0] [cxt 0] Action entry is MyIngress.action_reapeter - 2,
[08:11:42.698] [bmv2] [T] [thread 11091] [6.0] [cxt 0] Action MyIngress.action_reapeter
[08:11:42.698] [bmv2] [T] [thread 11091] [6.0] [cxt 0] repeater.p4(48) Primitive standard_metadata.egress_spec = port
[08:11:42.698] [bmv2] [D] [thread 11091] [6.0] [cxt 0] Pipeline 'ingress': end
[08:11:42.698] [bmv2] [D] [thread 11091] [6.0] [cxt 0] Egress port is 2
[08:11:42.698] [bmv2] [D] [thread 11094] [6.0] [cxt 0] Pipeline 'egress': start
[08:11:42.698] [bmv2] [D] [thread 11094] [6.0] [cxt 0] Pipeline 'egress': end
[08:11:42.698] [bmv2] [D] [thread 11094] [6.0] [cxt 0] Deparser 'deparser': start
[08:11:42.698] [bmv2] [D] [thread 11094] [6.0] [cxt 0] Deparser 'deparser': end
[08:11:42.698] [bmv2] [D] [thread 11096] [6.0] [cxt 0] Transmitting packet of size 44 out of port 2
[08:11:42.698] [bmv2] [D] [thread 11091] [7.0] [cxt 0] Processing packet received on port 2
[08:11:42.698] [bmv2] [D] [thread 11091] [7.0] [cxt 0] Parser 'parser': start
[08:11:42.698] [bmv2] [D] [thread 11091] [7.0] [cxt 0] Parser 'parser' entering state 'start'
[08:11:42.698] [bmv2] [D] [thread 11091] [7.0] [cxt 0] Parser state 'start' has no switch, going to default next state
[08:11:42.698] [bmv2] [T] [thread 11091] [7.0] [cxt 0] Bytes parsed: 0
[08:11:42.698] [bmv2] [D] [thread 11091] [7.0] [cxt 0] Parser 'parser': end
[08:11:42.698] [bmv2] [D] [thread 11091] [7.0] [cxt 0] Pipeline 'ingress': start
[08:11:42.698] [bmv2] [T] [thread 11091] [7.0] [cxt 0] Applying table 'MyIngress.repeaterTable'
[08:11:42.698] [bmv2] [D] [thread 11091] [7.0] [cxt 0] Looking up key:
* standard_metadata.ingress_port: 0002

[08:11:42.698] [bmv2] [D] [thread 11091] [7.0] [cxt 0] Table 'MyIngress.repeaterTable': hit with handle 1
[08:11:42.699] [bmv2] [D] [thread 11091] [7.0] [cxt 0] Dumping entry 1
Match key:
* standard_metadata.ingress_port: EXACT     0002
Action entry: MyIngress.action_reapeter - 1,

[08:11:42.699] [bmv2] [D] [thread 11091] [7.0] [cxt 0] Action entry is MyIngress.action_reapeter - 1,
[08:11:42.699] [bmv2] [T] [thread 11091] [7.0] [cxt 0] Action MyIngress.action_reapeter
[08:11:42.699] [bmv2] [T] [thread 11091] [7.0] [cxt 0] repeater.p4(48) Primitive standard_metadata.egress_spec = port
[08:11:42.699] [bmv2] [D] [thread 11091] [7.0] [cxt 0] Pipeline 'ingress': end
[08:11:42.699] [bmv2] [D] [thread 11091] [7.0] [cxt 0] Egress port is 1
[08:11:42.699] [bmv2] [D] [thread 11093] [7.0] [cxt 0] Pipeline 'egress': start
[08:11:42.699] [bmv2] [D] [thread 11093] [7.0] [cxt 0] Pipeline 'egress': end
[08:11:42.699] [bmv2] [D] [thread 11093] [7.0] [cxt 0] Deparser 'deparser': start
[08:11:42.699] [bmv2] [D] [thread 11093] [7.0] [cxt 0] Deparser 'deparser': end
[08:11:42.699] [bmv2] [D] [thread 11096] [7.0] [cxt 0] Transmitting packet of size 72 out of port 1
